0 info it worked if it ends with ok
1 verbose cli [ '/usr/local/bin/node',
1 verbose cli   '/usr/local/bin/npm',
1 verbose cli   'version',
1 verbose cli   'patch',
1 verbose cli   '--no-git' ]
2 info using npm@2.15.1
3 info using node@v4.4.4
4 info git [ 'status', '--porcelain' ]
5 info preversion ep_author_hover@0.0.16
6 verbose version.write data { author:
6 verbose version.write    { name: 'John McLear',
6 verbose version.write      email: 'john@mclear.co.uk',
6 verbose version.write      url: 'http://mclear.co.uk' },
6 verbose version.write   name: 'ep_author_hover',
6 verbose version.write   description: 'Adds author names to span titles (shows on hover), works as authors change their name.  Hover includes author color and fast switching between author spans.  Hat tip to Martyn York for the initial work on this.',
6 verbose version.write   version: '0.0.16',
6 verbose version.write   repository:
6 verbose version.write    { type: 'git',
6 verbose version.write      url: 'git@github.com:JohnMcLear/ep_author_hover.git' } } to package.json
7 info version ep_author_hover@0.0.16
8 info git [ 'add',
8 info git   '/home/jose/etherpad-lite/node_modules/ep_author_hover/package.json' ]
9 verbose stack Error: Command failed: false add /home/jose/etherpad-lite/node_modules/ep_author_hover/package.json
9 verbose stack
9 verbose stack     at ChildProcess.exithandler (child_process.js:213:12)
9 verbose stack     at emitTwo (events.js:87:13)
9 verbose stack     at ChildProcess.emit (events.js:172:7)
9 verbose stack     at maybeClose (internal/child_process.js:827:16)
9 verbose stack     at Socket.<anonymous> (internal/child_process.js:319:11)
9 verbose stack     at emitOne (events.js:77:13)
9 verbose stack     at Socket.emit (events.js:169:7)
9 verbose stack     at Pipe._onclose (net.js:477:12)
10 verbose cwd /home/jose/etherpad-lite/node_modules/ep_author_hover
11 error Linux 4.2.0-35-generic
12 error argv "/usr/local/bin/node" "/usr/local/bin/npm" "version" "patch" "--no-git"
13 error node v4.4.4
14 error npm  v2.15.1
15 error code 1
16 error Command failed: false add /home/jose/etherpad-lite/node_modules/ep_author_hover/package.json
17 error If you need help, you may report this error at:
17 error     <https://github.com/npm/npm/issues>
18 verbose exit [ 1, true ]
